<?xml version="1.0" encoding="UTF-8"?>
<testsuite xmlns:xsi="http://www.w3.org/2001/XMLSchema-instance" xsi:noNamespaceSchemaLocation="https://maven.apache.org/surefire/maven-surefire-plugin/xsd/surefire-test-report-3.0.xsd" version="3.0" name="ovh.thecodefather.presentations.presentations.item49_50.TablettePerformanteTest" time="0.014" tests="7" errors="1" skipped="6" failures="0">
  <properties>
[...]
</properties>
  <testcase name="lowcostOK" classname="ovh.thecodefather.presentations.presentations.item49_50.TablettePerformanteTest" time="0.0">
    <skipped message="void ovh.thecodefather.presentations.presentations.item49_50.TablettePerformanteTest.lowcostOK() is @Disabled"/>
  </testcase>
  <testcase name="nP" classname="ovh.thecodefather.presentations.presentations.item49_50.TablettePerformanteTest" time="0.0">
    <skipped message="void ovh.thecodefather.presentations.presentations.item49_50.TablettePerformanteTest.nP() is @Disabled"/>
  </testcase>
  <testcase name="nPOK" classname="ovh.thecodefather.presentations.presentations.item49_50.TablettePerformanteTest" time="0.0">
    <skipped message="void ovh.thecodefather.presentations.presentations.item49_50.TablettePerformanteTest.nPOK() is @Disabled"/>
  </testcase>
  <testcase name="lowcost" classname="ovh.thecodefather.presentations.presentations.item49_50.TablettePerformanteTest" time="0.0">
    <skipped message="void ovh.thecodefather.presentations.presentations.item49_50.TablettePerformanteTest.lowcost() is @Disabled"/>
  </testcase>
  <testcase name="highEndMuted" classname="ovh.thecodefather.presentations.presentations.item49_50.TablettePerformanteTest" time="0.006">
    <error type="java.lang.NullPointerException"><![CDATA[java.lang.NullPointerException
	at java.base/java.util.Objects.requireNonNull(Objects.java:233)
	at ovh.thecodefather.presentations.presentations.item49_50.TablettePerformante.<init>(TablettePerformante.java:26)
	at ovh.thecodefather.presentations.presentations.item49_50.TablettePerformanteTest.highEndMuted(TablettePerformanteTest.java:64)
	at java.base/java.lang.reflect.Method.invoke(Method.java:578)
	at java.base/java.util.ArrayList.forEach(ArrayList.java:1511)
	at java.base/java.util.ArrayList.forEach(ArrayList.java:1511)
]]></error>
  </testcase>
  <testcase name="highEnd" classname="ovh.thecodefather.presentations.presentations.item49_50.TablettePerformanteTest" time="0.0">
    <skipped message="void ovh.thecodefather.presentations.presentations.item49_50.TablettePerformanteTest.highEnd() is @Disabled"/>
  </testcase>
  <testcase name="assertTest" classname="ovh.thecodefather.presentations.presentations.item49_50.TablettePerformanteTest" time="0.0">
    <skipped message="void ovh.thecodefather.presentations.presentations.item49_50.TablettePerformanteTest.assertTest() is @Disabled"/>
  </testcase>
</testsuite>